0 verbose cli C:\Program Files\nodejs\node.exe C:\Users\samsung\AppData\Roaming\npm\node_modules\npm\bin\npm-cli.js
1 info using npm@11.8.0
2 info using node@v22.17.1
3 silly config load:file:C:\Users\samsung\AppData\Roaming\npm\node_modules\npm\npmrc
4 silly config load:file:D:\Projects\univadev.com\.npmrc
5 silly config load:file:C:\Users\samsung\.npmrc
6 silly config load:file:C:\Users\samsung\AppData\Roaming\npm\etc\npmrc
7 verbose title npm install
8 verbose argv "install"
9 verbose logfile logs-max:10 dir:D:\Projects\univadev.com\.npm-cache\_logs\2026-04-10T03_25_54_849Z-
10 verbose logfile D:\Projects\univadev.com\.npm-cache\_logs\2026-04-10T03_25_54_849Z-debug-0.log
11 silly logfile done cleaning log files
12 silly packumentCache heap:4345298944 maxSize:1086324736 maxEntrySize:543162368
13 silly idealTree buildDeps
14 http fetch GET https://registry.npmjs.org/npm attempt 1 failed with EACCES
15 silly reify mark retired [
15 silly reify   'D:\\Projects\\univadev.com\\node_modules\\acorn',
15 silly reify   'D:\\Projects\\univadev.com\\node_modules\\.bin\\acorn',
15 silly reify   'D:\\Projects\\univadev.com\\node_modules\\.bin\\acorn.cmd',
15 silly reify   'D:\\Projects\\univadev.com\\node_modules\\.bin\\acorn.ps1'
15 silly reify ]
16 silly reify mark retired [
16 silly reify   'D:\\Projects\\univadev.com\\node_modules\\cssesc',
16 silly reify   'D:\\Projects\\univadev.com\\node_modules\\.bin\\cssesc',
16 silly reify   'D:\\Projects\\univadev.com\\node_modules\\.bin\\cssesc.cmd',
16 silly reify   'D:\\Projects\\univadev.com\\node_modules\\.bin\\cssesc.ps1'
16 silly reify ]
17 silly reify mark retired [
17 silly reify   'D:\\Projects\\univadev.com\\node_modules\\eslint-plugin-import\\node_modules\\semver',
17 silly reify   'D:\\Projects\\univadev.com\\node_modules\\eslint-plugin-import\\node_modules\\.bin\\semver',
17 silly reify   'D:\\Projects\\univadev.com\\node_modules\\eslint-plugin-import\\node_modules\\.bin\\semver.cmd',
17 silly reify   'D:\\Projects\\univadev.com\\node_modules\\eslint-plugin-import\\node_modules\\.bin\\semver.ps1'
17 silly reify ]
18 silly reify mark retired [
18 silly reify   'D:\\Projects\\univadev.com\\node_modules\\eslint-plugin-react\\node_modules\\resolve',
18 silly reify   'D:\\Projects\\univadev.com\\node_modules\\eslint-plugin-react\\node_modules\\.bin\\resolve',
18 silly reify   'D:\\Projects\\univadev.com\\node_modules\\eslint-plugin-react\\node_modules\\.bin\\resolve.cmd',
18 silly reify   'D:\\Projects\\univadev.com\\node_modules\\eslint-plugin-react\\node_modules\\.bin\\resolve.ps1'
18 silly reify ]
19 silly reify mark retired [
19 silly reify   'D:\\Projects\\univadev.com\\node_modules\\eslint-plugin-react\\node_modules\\semver',
19 silly reify   'D:\\Projects\\univadev.com\\node_modules\\eslint-plugin-react\\node_modules\\.bin\\semver',
19 silly reify   'D:\\Projects\\univadev.com\\node_modules\\eslint-plugin-react\\node_modules\\.bin\\semver.cmd',
19 silly reify   'D:\\Projects\\univadev.com\\node_modules\\eslint-plugin-react\\node_modules\\.bin\\semver.ps1'
19 silly reify ]
20 silly reify mark retired [
20 silly reify   'D:\\Projects\\univadev.com\\node_modules\\jiti',
20 silly reify   'D:\\Projects\\univadev.com\\node_modules\\.bin\\jiti',
20 silly reify   'D:\\Projects\\univadev.com\\node_modules\\.bin\\jiti.cmd',
20 silly reify   'D:\\Projects\\univadev.com\\node_modules\\.bin\\jiti.ps1'
20 silly reify ]
21 silly reify mark retired [
21 silly reify   'D:\\Projects\\univadev.com\\node_modules\\js-yaml',
21 silly reify   'D:\\Projects\\univadev.com\\node_modules\\.bin\\js-yaml',
21 silly reify   'D:\\Projects\\univadev.com\\node_modules\\.bin\\js-yaml.cmd',
21 silly reify   'D:\\Projects\\univadev.com\\node_modules\\.bin\\js-yaml.ps1'
21 silly reify ]
22 silly reify mark retired [
22 silly reify   'D:\\Projects\\univadev.com\\node_modules\\json5',
22 silly reify   'D:\\Projects\\univadev.com\\node_modules\\.bin\\json5',
22 silly reify   'D:\\Projects\\univadev.com\\node_modules\\.bin\\json5.cmd',
22 silly reify   'D:\\Projects\\univadev.com\\node_modules\\.bin\\json5.ps1'
22 silly reify ]
23 silly reify mark retired [
23 silly reify   'D:\\Projects\\univadev.com\\node_modules\\loose-envify',
23 silly reify   'D:\\Projects\\univadev.com\\node_modules\\.bin\\loose-envify',
23 silly reify   'D:\\Projects\\univadev.com\\node_modules\\.bin\\loose-envify.cmd',
23 silly reify   'D:\\Projects\\univadev.com\\node_modules\\.bin\\loose-envify.ps1'
23 silly reify ]
24 silly reify mark retired [
24 silly reify   'D:\\Projects\\univadev.com\\node_modules\\napi-postinstall',
24 silly reify   'D:\\Projects\\univadev.com\\node_modules\\.bin\\napi-postinstall',
24 silly reify   'D:\\Projects\\univadev.com\\node_modules\\.bin\\napi-postinstall.cmd',
24 silly reify   'D:\\Projects\\univadev.com\\node_modules\\.bin\\napi-postinstall.ps1'
24 silly reify ]
25 silly reify mark retired [
25 silly reify   'D:\\Projects\\univadev.com\\node_modules\\nanoid',
25 silly reify   'D:\\Projects\\univadev.com\\node_modules\\.bin\\nanoid',
25 silly reify   'D:\\Projects\\univadev.com\\node_modules\\.bin\\nanoid.cmd',
25 silly reify   'D:\\Projects\\univadev.com\\node_modules\\.bin\\nanoid.ps1'
25 silly reify ]
26 silly reify mark retired [
26 silly reify   'D:\\Projects\\univadev.com\\node_modules\\resolve',
26 silly reify   'D:\\Projects\\univadev.com\\node_modules\\.bin\\resolve',
26 silly reify   'D:\\Projects\\univadev.com\\node_modules\\.bin\\resolve.cmd',
26 silly reify   'D:\\Projects\\univadev.com\\node_modules\\.bin\\resolve.ps1'
26 silly reify ]
27 silly reify mark retired [
27 silly reify   'D:\\Projects\\univadev.com\\node_modules\\semver',
27 silly reify   'D:\\Projects\\univadev.com\\node_modules\\.bin\\semver',
27 silly reify   'D:\\Projects\\univadev.com\\node_modules\\.bin\\semver.cmd',
27 silly reify   'D:\\Projects\\univadev.com\\node_modules\\.bin\\semver.ps1'
27 silly reify ]
28 silly reify mark retired [
28 silly reify   'D:\\Projects\\univadev.com\\node_modules\\typescript',
28 silly reify   'D:\\Projects\\univadev.com\\node_modules\\.bin\\tsc',
28 silly reify   'D:\\Projects\\univadev.com\\node_modules\\.bin\\tsc.cmd',
28 silly reify   'D:\\Projects\\univadev.com\\node_modules\\.bin\\tsc.ps1',
28 silly reify   'D:\\Projects\\univadev.com\\node_modules\\.bin\\tsserver',
28 silly reify   'D:\\Projects\\univadev.com\\node_modules\\.bin\\tsserver.cmd',
28 silly reify   'D:\\Projects\\univadev.com\\node_modules\\.bin\\tsserver.ps1'
28 silly reify ]
29 silly reify mark retired [
29 silly reify   'D:\\Projects\\univadev.com\\node_modules\\which',
29 silly reify   'D:\\Projects\\univadev.com\\node_modules\\.bin\\node-which',
29 silly reify   'D:\\Projects\\univadev.com\\node_modules\\.bin\\node-which.cmd',
29 silly reify   'D:\\Projects\\univadev.com\\node_modules\\.bin\\node-which.ps1'
29 silly reify ]
30 silly reify mark retired [
30 silly reify   'D:\\Projects\\univadev.com\\node_modules\\eslint',
30 silly reify   'D:\\Projects\\univadev.com\\node_modules\\.bin\\eslint',
30 silly reify   'D:\\Projects\\univadev.com\\node_modules\\.bin\\eslint.cmd',
30 silly reify   'D:\\Projects\\univadev.com\\node_modules\\.bin\\eslint.ps1'
30 silly reify ]
31 silly reify mark retired [
31 silly reify   'D:\\Projects\\univadev.com\\node_modules\\next',
31 silly reify   'D:\\Projects\\univadev.com\\node_modules\\.bin\\next',
31 silly reify   'D:\\Projects\\univadev.com\\node_modules\\.bin\\next.cmd',
31 silly reify   'D:\\Projects\\univadev.com\\node_modules\\.bin\\next.ps1'
31 silly reify ]
32 silly reify moves {
32 silly reify   'D:\\Projects\\univadev.com\\node_modules\\acorn': 'D:\\Projects\\univadev.com\\node_modules\\.acorn-sFahFke7',
32 silly reify   'D:\\Projects\\univadev.com\\node_modules\\.bin\\acorn': 'D:\\Projects\\univadev.com\\node_modules\\.bin\\.acorn-HOvrA8xl',
32 silly reify   'D:\\Projects\\univadev.com\\node_modules\\.bin\\acorn.cmd': 'D:\\Projects\\univadev.com\\node_modules\\.bin\\.acorn.cmd-gD6235nX',
32 silly reify   'D:\\Projects\\univadev.com\\node_modules\\.bin\\acorn.ps1': 'D:\\Projects\\univadev.com\\node_modules\\.bin\\.acorn.ps1-n2nC0kKX',
32 silly reify   'D:\\Projects\\univadev.com\\node_modules\\cssesc': 'D:\\Projects\\univadev.com\\node_modules\\.cssesc-4wLS802g',
32 silly reify   'D:\\Projects\\univadev.com\\node_modules\\.bin\\cssesc': 'D:\\Projects\\univadev.com\\node_modules\\.bin\\.cssesc-enDR4f0I',
32 silly reify   'D:\\Projects\\univadev.com\\node_modules\\.bin\\cssesc.cmd': 'D:\\Projects\\univadev.com\\node_modules\\.bin\\.cssesc.cmd-bodWbL7Z',
32 silly reify   'D:\\Projects\\univadev.com\\node_modules\\.bin\\cssesc.ps1': 'D:\\Projects\\univadev.com\\node_modules\\.bin\\.cssesc.ps1-90Y7BAOv',
32 silly reify   'D:\\Projects\\univadev.com\\node_modules\\eslint-plugin-import\\node_modules\\semver': 'D:\\Projects\\univadev.com\\node_modules\\eslint-plugin-import\\node_modules\\.semver-4gTSWznj',
32 silly reify   'D:\\Projects\\univadev.com\\node_modules\\eslint-plugin-import\\node_modules\\.bin\\semver': 'D:\\Projects\\univadev.com\\node_modules\\eslint-plugin-import\\node_modules\\.bin\\.semver-GxRoBhHN',
32 silly reify   'D:\\Projects\\univadev.com\\node_modules\\eslint-plugin-import\\node_modules\\.bin\\semver.cmd': 'D:\\Projects\\univadev.com\\node_modules\\eslint-plugin-import\\node_modules\\.bin\\.semver.cmd-6QL7DYJC',
32 silly reify   'D:\\Projects\\univadev.com\\node_modules\\eslint-plugin-import\\node_modules\\.bin\\semver.ps1': 'D:\\Projects\\univadev.com\\node_modules\\eslint-plugin-import\\node_modules\\.bin\\.semver.ps1-okVhm81d',
32 silly reify   'D:\\Projects\\univadev.com\\node_modules\\eslint-plugin-react\\node_modules\\resolve': 'D:\\Projects\\univadev.com\\node_modules\\eslint-plugin-react\\node_modules\\.resolve-pP1OP7vV',
32 silly reify   'D:\\Projects\\univadev.com\\node_modules\\eslint-plugin-react\\node_modules\\.bin\\resolve': 'D:\\Projects\\univadev.com\\node_modules\\eslint-plugin-react\\node_modules\\.bin\\.resolve-6LXwI87G',
32 silly reify   'D:\\Projects\\univadev.com\\node_modules\\eslint-plugin-react\\node_modules\\.bin\\resolve.cmd': 'D:\\Projects\\univadev.com\\node_modules\\eslint-plugin-react\\node_modules\\.bin\\.resolve.cmd-njyrdolB',
32 silly reify   'D:\\Projects\\univadev.com\\node_modules\\eslint-plugin-react\\node_modules\\.bin\\resolve.ps1': 'D:\\Projects\\univadev.com\\node_modules\\eslint-plugin-react\\node_modules\\.bin\\.resolve.ps1-s3KBcksT',
32 silly reify   'D:\\Projects\\univadev.com\\node_modules\\eslint-plugin-react\\node_modules\\semver': 'D:\\Projects\\univadev.com\\node_modules\\eslint-plugin-react\\node_modules\\.semver-9V80Ms6T',
32 silly reify   'D:\\Projects\\univadev.com\\node_modules\\eslint-plugin-react\\node_modules\\.bin\\semver': 'D:\\Projects\\univadev.com\\node_modules\\eslint-plugin-react\\node_modules\\.bin\\.semver-BFo2JKxw',
32 silly reify   'D:\\Projects\\univadev.com\\node_modules\\eslint-plugin-react\\node_modules\\.bin\\semver.cmd': 'D:\\Projects\\univadev.com\\node_modules\\eslint-plugin-react\\node_modules\\.bin\\.semver.cmd-C1qdkLiH',
32 silly reify   'D:\\Projects\\univadev.com\\node_modules\\eslint-plugin-react\\node_modules\\.bin\\semver.ps1': 'D:\\Projects\\univadev.com\\node_modules\\eslint-plugin-react\\node_modules\\.bin\\.semver.ps1-Z4rNLm78',
32 silly reify   'D:\\Projects\\univadev.com\\node_modules\\jiti': 'D:\\Projects\\univadev.com\\node_modules\\.jiti-uF5ppj0L',
32 silly reify   'D:\\Projects\\univadev.com\\node_modules\\.bin\\jiti': 'D:\\Projects\\univadev.com\\node_modules\\.bin\\.jiti-WCLtihWU',
32 silly reify   'D:\\Projects\\univadev.com\\node_modules\\.bin\\jiti.cmd': 'D:\\Projects\\univadev.com\\node_modules\\.bin\\.jiti.cmd-edcwqhcI',
32 silly reify   'D:\\Projects\\univadev.com\\node_modules\\.bin\\jiti.ps1': 'D:\\Projects\\univadev.com\\node_modules\\.bin\\.jiti.ps1-AWLS5Lmo',
32 silly reify   'D:\\Projects\\univadev.com\\node_modules\\js-yaml': 'D:\\Projects\\univadev.com\\node_modules\\.js-yaml-vUPQj5Bd',
32 silly reify   'D:\\Projects\\univadev.com\\node_modules\\.bin\\js-yaml': 'D:\\Projects\\univadev.com\\node_modules\\.bin\\.js-yaml-2lBe2hoY',
32 silly reify   'D:\\Projects\\univadev.com\\node_modules\\.bin\\js-yaml.cmd': 'D:\\Projects\\univadev.com\\node_modules\\.bin\\.js-yaml.cmd-Rary98T1',
32 silly reify   'D:\\Projects\\univadev.com\\node_modules\\.bin\\js-yaml.ps1': 'D:\\Projects\\univadev.com\\node_modules\\.bin\\.js-yaml.ps1-8BKKacTZ',
32 silly reify   'D:\\Projects\\univadev.com\\node_modules\\json5': 'D:\\Projects\\univadev.com\\node_modules\\.json5-xgas4a4U',
32 silly reify   'D:\\Projects\\univadev.com\\node_modules\\.bin\\json5': 'D:\\Projects\\univadev.com\\node_modules\\.bin\\.json5-UBcyj6Z3',
32 silly reify   'D:\\Projects\\univadev.com\\node_modules\\.bin\\json5.cmd': 'D:\\Projects\\univadev.com\\node_modules\\.bin\\.json5.cmd-i0tK5DtV',
32 silly reify   'D:\\Projects\\univadev.com\\node_modules\\.bin\\json5.ps1': 'D:\\Projects\\univadev.com\\node_modules\\.bin\\.json5.ps1-hfiKI6vi',
32 silly reify   'D:\\Projects\\univadev.com\\node_modules\\loose-envify': 'D:\\Projects\\univadev.com\\node_modules\\.loose-envify-EuiYng0h',
32 silly reify   'D:\\Projects\\univadev.com\\node_modules\\.bin\\loose-envify': 'D:\\Projects\\univadev.com\\node_modules\\.bin\\.loose-envify-7myp76T7',
32 silly reify   'D:\\Projects\\univadev.com\\node_modules\\.bin\\loose-envify.cmd': 'D:\\Projects\\univadev.com\\node_modules\\.bin\\.loose-envify.cmd-Ie120VxY',
32 silly reify   'D:\\Projects\\univadev.com\\node_modules\\.bin\\loose-envify.ps1': 'D:\\Projects\\univadev.com\\node_modules\\.bin\\.loose-envify.ps1-I61wVI9G',
32 silly reify   'D:\\Projects\\univadev.com\\node_modules\\napi-postinstall': 'D:\\Projects\\univadev.com\\node_modules\\.napi-postinstall-5ABXmILW',
32 silly reify   'D:\\Projects\\univadev.com\\node_modules\\.bin\\napi-postinstall': 'D:\\Projects\\univadev.com\\node_modules\\.bin\\.napi-postinstall-WlAbhwRv',
32 silly reify   'D:\\Projects\\univadev.com\\node_modules\\.bin\\napi-postinstall.cmd': 'D:\\Projects\\univadev.com\\node_modules\\.bin\\.napi-postinstall.cmd-4Nq0WBPz',
32 silly reify   'D:\\Projects\\univadev.com\\node_modules\\.bin\\napi-postinstall.ps1': 'D:\\Projects\\univadev.com\\node_modules\\.bin\\.napi-postinstall.ps1-Fz7ONOua',
32 silly reify   'D:\\Projects\\univadev.com\\node_modules\\nanoid': 'D:\\Projects\\univadev.com\\node_modules\\.nanoid-HerUrypw',
32 silly reify   'D:\\Projects\\univadev.com\\node_modules\\.bin\\nanoid': 'D:\\Projects\\univadev.com\\node_modules\\.bin\\.nanoid-nvR6Az5t',
32 silly reify   'D:\\Projects\\univadev.com\\node_modules\\.bin\\nanoid.cmd': 'D:\\Projects\\univadev.com\\node_modules\\.bin\\.nanoid.cmd-AhovMS5u',
32 silly reify   'D:\\Projects\\univadev.com\\node_modules\\.bin\\nanoid.ps1': 'D:\\Projects\\univadev.com\\node_modules\\.bin\\.nanoid.ps1-XmJipOiO',
32 silly reify   'D:\\Projects\\univadev.com\\node_modules\\resolve': 'D:\\Projects\\univadev.com\\node_modules\\.resolve-AhCms4bo',
32 silly reify   'D:\\Projects\\univadev.com\\node_modules\\.bin\\resolve': 'D:\\Projects\\univadev.com\\node_modules\\.bin\\.resolve-c1jtUJrQ',
32 silly reify   'D:\\Projects\\univadev.com\\node_modules\\.bin\\resolve.cmd': 'D:\\Projects\\univadev.com\\node_modules\\.bin\\.resolve.cmd-eqZnOiEr',
32 silly reify   'D:\\Projects\\univadev.com\\node_modules\\.bin\\resolve.ps1': 'D:\\Projects\\univadev.com\\node_modules\\.bin\\.resolve.ps1-FfCZ3pEP',
32 silly reify   'D:\\Projects\\univadev.com\\node_modules\\semver': 'D:\\Projects\\univadev.com\\node_modules\\.semver-pQM0DIus',
32 silly reify   'D:\\Projects\\univadev.com\\node_modules\\.bin\\semver': 'D:\\Projects\\univadev.com\\node_modules\\.bin\\.semver-nNxbXnTh',
32 silly reify   'D:\\Projects\\univadev.com\\node_modules\\.bin\\semver.cmd': 'D:\\Projects\\univadev.com\\node_modules\\.bin\\.semver.cmd-Zv2A4CyF',
32 silly reify   'D:\\Projects\\univadev.com\\node_modules\\.bin\\semver.ps1': 'D:\\Projects\\univadev.com\\node_modules\\.bin\\.semver.ps1-hmZPbgzQ',
32 silly reify   'D:\\Projects\\univadev.com\\node_modules\\typescript': 'D:\\Projects\\univadev.com\\node_modules\\.typescript-k1LtZrum',
32 silly reify   'D:\\Projects\\univadev.com\\node_modules\\.bin\\tsc': 'D:\\Projects\\univadev.com\\node_modules\\.bin\\.tsc-4RIF37Dp',
32 silly reify   'D:\\Projects\\univadev.com\\node_modules\\.bin\\tsc.cmd': 'D:\\Projects\\univadev.com\\node_modules\\.bin\\.tsc.cmd-SU0BzpqD',
32 silly reify   'D:\\Projects\\univadev.com\\node_modules\\.bin\\tsc.ps1': 'D:\\Projects\\univadev.com\\node_modules\\.bin\\.tsc.ps1-49iyYN0g',
32 silly reify   'D:\\Projects\\univadev.com\\node_modules\\.bin\\tsserver': 'D:\\Projects\\univadev.com\\node_modules\\.bin\\.tsserver-21CdJ5Y5',
32 silly reify   'D:\\Projects\\univadev.com\\node_modules\\.bin\\tsserver.cmd': 'D:\\Projects\\univadev.com\\node_modules\\.bin\\.tsserver.cmd-F2SFrGEY',
32 silly reify   'D:\\Projects\\univadev.com\\node_modules\\.bin\\tsserver.ps1': 'D:\\Projects\\univadev.com\\node_modules\\.bin\\.tsserver.ps1-sFDOktKx',
32 silly reify   'D:\\Projects\\univadev.com\\node_modules\\which': 'D:\\Projects\\univadev.com\\node_modules\\.which-wiXukSZd',
32 silly reify   'D:\\Projects\\univadev.com\\node_modules\\.bin\\node-which': 'D:\\Projects\\univadev.com\\node_modules\\.bin\\.node-which-jP3HVLpO',
32 silly reify   'D:\\Projects\\univadev.com\\node_modules\\.bin\\node-which.cmd': 'D:\\Projects\\univadev.com\\node_modules\\.bin\\.node-which.cmd-89rezmUa',
32 silly reify   'D:\\Projects\\univadev.com\\node_modules\\.bin\\node-which.ps1': 'D:\\Projects\\univadev.com\\node_modules\\.bin\\.node-which.ps1-GgsUUWWr',
32 silly reify   'D:\\Projects\\univadev.com\\node_modules\\eslint': 'D:\\Projects\\univadev.com\\node_modules\\.eslint-YNYywB0p',
32 silly reify   'D:\\Projects\\univadev.com\\node_modules\\.bin\\eslint': 'D:\\Projects\\univadev.com\\node_modules\\.bin\\.eslint-Ld7pQ3fQ',
32 silly reify   'D:\\Projects\\univadev.com\\node_modules\\.bin\\eslint.cmd': 'D:\\Projects\\univadev.com\\node_modules\\.bin\\.eslint.cmd-s6mSosxd',
32 silly reify   'D:\\Projects\\univadev.com\\node_modules\\.bin\\eslint.ps1': 'D:\\Projects\\univadev.com\\node_modules\\.bin\\.eslint.ps1-O0nsKwDc',
32 silly reify   'D:\\Projects\\univadev.com\\node_modules\\next': 'D:\\Projects\\univadev.com\\node_modules\\.next-ns3B8RS7',
32 silly reify   'D:\\Projects\\univadev.com\\node_modules\\.bin\\next': 'D:\\Projects\\univadev.com\\node_modules\\.bin\\.next-UIHRlHNY',
32 silly reify   'D:\\Projects\\univadev.com\\node_modules\\.bin\\next.cmd': 'D:\\Projects\\univadev.com\\node_modules\\.bin\\.next.cmd-i6RVfbpr',
32 silly reify   'D:\\Projects\\univadev.com\\node_modules\\.bin\\next.ps1': 'D:\\Projects\\univadev.com\\node_modules\\.bin\\.next.ps1-vIY78mwX'
32 silly reify }
33 http fetch GET https://registry.npmjs.org/npm attempt 2 failed with EACCES
34 silly audit bulk request {
34 silly audit   '@alloc/quick-lru': [ '5.2.0' ],
34 silly audit   '@emnapi/core': [ '1.6.0' ],
34 silly audit   '@emnapi/runtime': [ '1.5.0' ],
34 silly audit   '@emnapi/wasi-threads': [ '1.1.0' ],
34 silly audit   '@eslint-community/eslint-utils': [ '4.9.0' ],
34 silly audit   'eslint-visitor-keys': [ '3.4.3', '4.2.1' ],
34 silly audit   '@eslint-community/regexpp': [ '4.12.2' ],
34 silly audit   '@eslint/config-array': [ '0.21.1' ],
34 silly audit   '@eslint/config-helpers': [ '0.4.2' ],
34 silly audit   '@eslint/core': [ '0.17.0' ],
34 silly audit   '@eslint/eslintrc': [ '3.3.1' ],
34 silly audit   '@eslint/js': [ '9.39.0' ],
34 silly audit   '@eslint/object-schema': [ '2.1.7' ],
34 silly audit   '@eslint/plugin-kit': [ '0.4.1' ],
34 silly audit   '@floating-ui/core': [ '1.7.3' ],
34 silly audit   '@floating-ui/dom': [ '1.7.4' ],
34 silly audit   '@floating-ui/react-dom': [ '2.1.6' ],
34 silly audit   '@floating-ui/utils': [ '0.2.10' ],
34 silly audit   '@humanfs/core': [ '0.19.1' ],
34 silly audit   '@humanfs/node': [ '0.16.7' ],
34 silly audit   '@humanwhocodes/module-importer': [ '1.0.1' ],
34 silly audit   '@humanwhocodes/retry': [ '0.4.3' ],
34 silly audit   '@img/colour': [ '1.0.0' ],
34 silly audit   '@img/sharp-darwin-arm64': [ '0.34.4' ],
34 silly audit   '@img/sharp-darwin-x64': [ '0.34.4' ],
34 silly audit   '@img/sharp-libvips-darwin-arm64': [ '1.2.3' ],
34 silly audit   '@img/sharp-libvips-darwin-x64': [ '1.2.3' ],
34 silly audit   '@img/sharp-libvips-linux-arm': [ '1.2.3' ],
34 silly audit   '@img/sharp-libvips-linux-arm64': [ '1.2.3' ],
34 silly audit   '@img/sharp-libvips-linux-ppc64': [ '1.2.3' ],
34 silly audit   '@img/sharp-libvips-linux-s390x': [ '1.2.3' ],
34 silly audit   '@img/sharp-libvips-linux-x64': [ '1.2.3' ],
34 silly audit   '@img/sharp-libvips-linuxmusl-arm64': [ '1.2.3' ],
34 silly audit   '@img/sharp-libvips-linuxmusl-x64': [ '1.2.3' ],
34 silly audit   '@img/sharp-linux-arm': [ '0.34.4' ],
34 silly audit   '@img/sharp-linux-arm64': [ '0.34.4' ],
34 silly audit   '@img/sharp-linux-ppc64': [ '0.34.4' ],
34 silly audit   '@img/sharp-linux-s390x': [ '0.34.4' ],
34 silly audit   '@img/sharp-linux-x64': [ '0.34.4' ],
34 silly audit   '@img/sharp-linuxmusl-arm64': [ '0.34.4' ],
34 silly audit   '@img/sharp-linuxmusl-x64': [ '0.34.4' ],
34 silly audit   '@img/sharp-wasm32': [ '0.34.4' ],
34 silly audit   '@img/sharp-win32-arm64': [ '0.34.4' ],
34 silly audit   '@img/sharp-win32-ia32': [ '0.34.4' ],
34 silly audit   '@img/sharp-win32-x64': [ '0.34.4' ],
34 silly audit   '@isaacs/fs-minipass': [ '4.0.1' ],
34 silly audit   '@jridgewell/gen-mapping': [ '0.3.13' ],
34 silly audit   '@jridgewell/remapping': [ '2.3.5' ],
34 silly audit   '@jridgewell/resolve-uri': [ '3.1.2' ],
34 silly audit   '@jridgewell/sourcemap-codec': [ '1.5.5' ],
34 silly audit   '@jridgewell/trace-mapping': [ '0.3.31' ],
34 silly audit   '@napi-rs/wasm-runtime': [ '0.2.12' ],
34 silly audit   '@next/env': [ '16.0.10' ],
34 silly audit   '@next/eslint-plugin-next': [ '15.5.6' ],
34 silly audit   '@next/swc-darwin-arm64': [ '16.0.10' ],
34 silly audit   '@next/swc-darwin-x64': [ '16.0.10' ],
34 silly audit   '@next/swc-linux-arm64-gnu': [ '16.0.10' ],
34 silly audit   '@next/swc-linux-arm64-musl': [ '16.0.10' ],
34 silly audit   '@next/swc-linux-x64-gnu': [ '16.0.10' ],
34 silly audit   '@next/swc-linux-x64-musl': [ '16.0.10' ],
34 silly audit   '@next/swc-win32-arm64-msvc': [ '16.0.10' ],
34 silly audit   '@next/swc-win32-x64-msvc': [ '16.0.10' ],
34 silly audit   '@nodelib/fs.scandir': [ '2.1.5' ],
34 silly audit   '@nodelib/fs.stat': [ '2.0.5' ],
34 silly audit   '@nodelib/fs.walk': [ '1.2.8' ],
34 silly audit   '@nolyfill/is-core-module': [ '1.0.39' ],
34 silly audit   '@radix-ui/number': [ '1.1.1' ],
34 silly audit   '@radix-ui/primitive': [ '1.1.3' ],
34 silly audit   '@radix-ui/react-accordion': [ '1.2.12' ],
34 silly audit   '@radix-ui/react-alert-dialog': [ '1.1.15' ],
34 silly audit   '@radix-ui/react-arrow': [ '1.1.7' ],
34 silly audit   '@radix-ui/react-aspect-ratio': [ '1.1.7' ],
34 silly audit   '@radix-ui/react-avatar': [ '1.1.10' ],
34 silly audit   '@radix-ui/react-checkbox': [ '1.3.3' ],
34 silly audit   '@radix-ui/react-collapsible': [ '1.1.12' ],
34 silly audit   '@radix-ui/react-collection': [ '1.1.7' ],
34 silly audit   '@radix-ui/react-compose-refs': [ '1.1.2' ],
34 silly audit   '@radix-ui/react-context': [ '1.1.2' ],
34 silly audit   '@radix-ui/react-context-menu': [ '2.2.16' ],
34 silly audit   '@radix-ui/react-dialog': [ '1.1.15' ],
34 silly audit   '@radix-ui/react-direction': [ '1.1.1' ],
34 silly audit   '@radix-ui/react-dismissable-layer': [ '1.1.11' ],
34 silly audit   '@radix-ui/react-dropdown-menu': [ '2.1.16' ],
34 silly audit   '@radix-ui/react-focus-guards': [ '1.1.3' ],
34 silly audit   '@radix-ui/react-focus-scope': [ '1.1.7' ],
34 silly audit   '@radix-ui/react-hover-card': [ '1.1.15' ],
34 silly audit   '@radix-ui/react-id': [ '1.1.1' ],
34 silly audit   '@radix-ui/react-label': [ '2.1.7' ],
34 silly audit   '@radix-ui/react-menu': [ '2.1.16' ],
34 silly audit   '@radix-ui/react-menubar': [ '1.1.16' ],
34 silly audit   '@radix-ui/react-navigation-menu': [ '1.2.14' ],
34 silly audit   '@radix-ui/react-popover': [ '1.1.15' ],
34 silly audit   '@radix-ui/react-popper': [ '1.2.8' ],
34 silly audit   '@radix-ui/react-portal': [ '1.1.9' ],
34 silly audit   '@radix-ui/react-presence': [ '1.1.5' ],
34 silly audit   '@radix-ui/react-primitive': [ '2.1.3' ],
34 silly audit   '@radix-ui/react-progress': [ '1.1.7' ],
34 silly audit   '@radix-ui/react-radio-group': [ '1.3.8' ],
34 silly audit   '@radix-ui/react-roving-focus': [ '1.1.11' ],
34 silly audit   '@radix-ui/react-scroll-area': [ '1.2.10' ],
34 silly audit   '@radix-ui/react-select': [ '2.2.6' ],
34 silly audit   '@radix-ui/react-separator': [ '1.1.7' ],
34 silly audit   '@radix-ui/react-slider': [ '1.3.6' ],
34 silly audit   '@radix-ui/react-slot': [ '1.2.3' ],
34 silly audit   '@radix-ui/react-switch': [ '1.2.6' ],
34 silly audit   '@radix-ui/react-tabs': [ '1.1.13' ],
34 silly audit   '@radix-ui/react-toggle': [ '1.1.10' ],
34 silly audit   '@radix-ui/react-toggle-group': [ '1.1.11' ],
34 silly audit   '@radix-ui/react-tooltip': [ '1.2.8' ],
34 silly audit   '@radix-ui/react-use-callback-ref': [ '1.1.1' ],
34 silly audit   '@radix-ui/react-use-controllable-state': [ '1.2.2' ],
34 silly audit   '@radix-ui/react-use-effect-event': [ '0.0.2' ],
34 silly audit   '@radix-ui/react-use-escape-keydown': [ '1.1.1' ],
34 silly audit   '@radix-ui/react-use-is-hydrated': [ '0.1.0' ],
34 silly audit   '@radix-ui/react-use-layout-effect': [ '1.1.1' ],
34 silly audit   '@radix-ui/react-use-previous': [ '1.1.1' ],
34 silly audit   '@radix-ui/react-use-rect': [ '1.1.1' ],
34 silly audit   '@radix-ui/react-use-size': [ '1.1.1' ],
34 silly audit   '@radix-ui/react-visually-hidden': [ '1.2.3' ],
34 silly audit   '@radix-ui/rect': [ '1.1.1' ],
34 silly audit   '@rtsao/scc': [ '1.1.0' ],
34 silly audit   '@rushstack/eslint-patch': [ '1.14.1' ],
34 silly audit   '@swc/helpers': [ '0.5.15' ],
34 silly audit   '@tailwindcss/node': [ '4.1.14' ],
34 silly audit   '@tailwindcss/oxide': [ '4.1.14' ],
34 silly audit   '@tailwindcss/oxide-android-arm64': [ '4.1.14' ],
34 silly audit   '@tailwindcss/oxide-darwin-arm64': [ '4.1.14' ],
34 silly audit   '@tailwindcss/oxide-darwin-x64': [ '4.1.14' ],
34 silly audit   '@tailwindcss/oxide-freebsd-x64': [ '4.1.14' ],
34 silly audit   '@tailwindcss/oxide-linux-arm-gnueabihf': [ '4.1.14' ],
34 silly audit   '@tailwindcss/oxide-linux-arm64-gnu': [ '4.1.14' ],
34 silly audit   '@tailwindcss/oxide-linux-arm64-musl': [ '4.1.14' ],
34 silly audit   '@tailwindcss/oxide-linux-x64-gnu': [ '4.1.14' ],
34 silly audit   '@tailwindcss/oxide-linux-x64-musl': [ '4.1.14' ],
34 silly audit   '@tailwindcss/oxide-wasm32-wasi': [ '4.1.14' ],
34 silly audit   '@tailwindcss/oxide-win32-arm64-msvc': [ '4.1.14' ],
34 silly audit   '@tailwindcss/oxide-win32-x64-msvc': [ '4.1.14' ],
34 silly audit   '@tailwindcss/postcss': [ '4.1.14' ],
34 silly audit   '@tailwindcss/typography': [ '0.5.19' ],
34 silly audit   '@tybys/wasm-util': [ '0.10.1' ],
34 silly audit   '@types/estree': [ '1.0.8' ],
34 silly audit   '@types/json-schema': [ '7.0.15' ],
34 silly audit   '@types/json5': [ '0.0.29' ],
34 silly audit   '@types/node': [ '20.19.19' ],
34 silly audit   '@types/react': [ '19.2.1' ],
34 silly audit   '@types/react-dom': [ '19.2.0' ],
34 silly audit   '@typescript-eslint/eslint-plugin': [ '8.46.2' ],
34 silly audit   ignore: [ '7.0.5', '5.3.2' ],
34 silly audit   '@typescript-eslint/parser': [ '8.46.2' ],
34 silly audit   '@typescript-eslint/project-service': [ '8.46.2' ],
34 silly audit   '@typescript-eslint/scope-manager': [ '8.46.2' ],
34 silly audit   '@typescript-eslint/tsconfig-utils': [ '8.46.2' ],
34 silly audit   '@typescript-eslint/type-utils': [ '8.46.2' ],
34 silly audit   '@typescript-eslint/types': [ '8.46.2' ],
34 silly audit   '@typescript-eslint/typescript-estree': [ '8.46.2' ],
34 silly audit   'brace-expansion': [ '2.0.2', '1.1.12' ],
34 silly audit   'fast-glob': [ '3.3.3', '3.3.1' ],
34 silly audit   'glob-parent': [ '5.1.2', '6.0.2' ],
34 silly audit   minimatch: [ '9.0.5', '3.1.2' ],
34 silly audit   '@typescript-eslint/utils': [ '8.46.2' ],
34 silly audit   '@typescript-eslint/visitor-keys': [ '8.46.2' ],
34 silly audit   '@unrs/resolver-binding-android-arm-eabi': [ '1.11.1' ],
34 silly audit   '@unrs/resolver-binding-android-arm64': [ '1.11.1' ],
34 silly audit   '@unrs/resolver-binding-darwin-arm64': [ '1.11.1' ],
34 silly audit   '@unrs/resolver-binding-darwin-x64': [ '1.11.1' ],
34 silly audit   '@unrs/resolver-binding-freebsd-x64': [ '1.11.1' ],
34 silly audit   '@unrs/resolver-binding-linux-arm-gnueabihf': [ '1.11.1' ],
34 silly audit   '@unrs/resolver-binding-linux-arm-musleabihf': [ '1.11.1' ],
34 silly audit   '@unrs/resolver-binding-linux-arm64-gnu': [ '1.11.1' ],
34 silly audit   '@unrs/resolver-binding-linux-arm64-musl': [ '1.11.1' ],
34 silly audit   '@unrs/resolver-binding-linux-ppc64-gnu': [ '1.11.1' ],
34 silly audit   '@unrs/resolver-binding-linux-riscv64-gnu': [ '1.11.1' ],
34 silly audit   '@unrs/resolver-binding-linux-riscv64-musl': [ '1.11.1' ],
34 silly audit   '@unrs/resolver-binding-linux-s390x-gnu': [ '1.11.1' ],
34 silly audit   '@unrs/resolver-binding-linux-x64-gnu': [ '1.11.1' ],
34 silly audit   '@unrs/resolver-binding-linux-x64-musl': [ '1.11.1' ],
34 silly audit   '@unrs/resolver-binding-wasm32-wasi': [ '1.11.1' ],
34 silly audit   '@unrs/resolver-binding-win32-arm64-msvc': [ '1.11.1' ],
34 silly audit   '@unrs/resolver-binding-win32-ia32-msvc': [ '1.11.1' ],
34 silly audit   '@unrs/resolver-binding-win32-x64-msvc': [ '1.11.1' ],
34 silly audit   acorn: [ '8.15.0' ],
34 silly audit   'acorn-jsx': [ '5.3.2' ],
34 silly audit   ajv: [ '6.12.6' ],
34 silly audit   'ansi-styles': [ '4.3.0' ],
34 silly audit   argparse: [ '2.0.1' ],
34 silly audit   'aria-hidden': [ '1.2.6' ],
34 silly audit   'aria-query': [ '5.3.2' ],
34 silly audit   'array-buffer-byte-length': [ '1.0.2' ],
34 silly audit   'array-includes': [ '3.1.9' ],
34 silly audit   'array.prototype.findlast': [ '1.2.5' ],
34 silly audit   'array.prototype.findlastindex': [ '1.2.6' ],
34 silly audit   'array.prototype.flat': [ '1.3.3' ],
34 silly audit   'array.prototype.flatmap': [ '1.3.3' ],
34 silly audit   'array.prototype.tosorted': [ '1.1.4' ],
34 silly audit   'arraybuffer.prototype.slice': [ '1.0.4' ],
34 silly audit   'ast-types-flow': [ '0.0.8' ],
34 silly audit   'async-function': [ '1.0.0' ],
34 silly audit   'available-typed-arrays': [ '1.0.7' ],
34 silly audit   'axe-core': [ '4.11.0' ],
34 silly audit   'axobject-query': [ '4.1.0' ],
34 silly audit   'balanced-match': [ '1.0.2' ],
34 silly audit   braces: [ '3.0.3' ],
34 silly audit   'call-bind': [ '1.0.8' ],
34 silly audit   'call-bind-apply-helpers': [ '1.0.2' ],
34 silly audit   'call-bound': [ '1.0.4' ],
34 silly audit   callsites: [ '3.1.0' ],
34 silly audit   'caniuse-lite': [ '1.0.30001748' ],
34 silly audit   chownr: [ '3.0.0' ],
34 silly audit   'class-variance-authority': [ '0.7.1' ],
34 silly audit   'client-only': [ '0.0.1' ],
34 silly audit   clsx: [ '2.1.1' ],
34 silly audit   'color-convert': [ '2.0.1' ],
34 silly audit   'color-name': [ '1.1.4' ],
34 silly audit   'concat-map': [ '0.0.1' ],
34 silly audit   'cross-spawn': [ '7.0.6' ],
34 silly audit   cssesc: [ '3.0.0' ],
34 silly audit   csstype: [ '3.1.3' ],
34 silly audit   'damerau-levenshtein': [ '1.0.8' ],
34 silly audit   'data-view-buffer': [ '1.0.2' ],
34 silly audit   'data-view-byte-length': [ '1.0.2' ],
34 silly audit   'data-view-byte-offset': [ '1.0.1' ],
34 silly audit   debug: [ '4.4.3', '3.2.7' ],
34 silly audit   'deep-is': [ '0.1.4' ],
34 silly audit   'define-data-property': [ '1.1.4' ],
34 silly audit   'define-properties': [ '1.2.1' ],
34 silly audit   'detect-libc': [ '2.1.2' ],
34 silly audit   'detect-node-es': [ '1.1.0' ],
34 silly audit   doctrine: [ '2.1.0' ],
34 silly audit   'dunder-proto': [ '1.0.1' ],
34 silly audit   'embla-carousel': [ '8.6.0' ],
34 silly audit   'embla-carousel-react': [ '8.6.0' ],
34 silly audit   'embla-carousel-reactive-utils': [ '8.6.0' ],
34 silly audit   'emoji-regex': [ '9.2.2' ],
34 silly audit   'enhanced-resolve': [ '5.18.3' ],
34 silly audit   'es-abstract': [ '1.24.0' ],
34 silly audit   'es-define-property': [ '1.0.1' ],
34 silly audit   'es-errors': [ '1.3.0' ],
34 silly audit   'es-iterator-helpers': [ '1.2.1' ],
34 silly audit   'es-object-atoms': [ '1.1.1' ],
34 silly audit   'es-set-tostringtag': [ '2.1.0' ],
34 silly audit   'es-shim-unscopables': [ '1.1.0' ],
34 silly audit   'es-to-primitive': [ '1.3.0' ],
34 silly audit   'escape-string-regexp': [ '4.0.0' ],
34 silly audit   eslint: [ '9.39.0' ],
34 silly audit   'eslint-config-next': [ '15.5.6' ],
34 silly audit   'eslint-import-resolver-node': [ '0.3.9' ],
34 silly audit   'eslint-import-resolver-typescript': [ '3.10.1' ],
34 silly audit   'eslint-module-utils': [ '2.12.1' ],
34 silly audit   'eslint-plugin-import': [ '2.32.0' ],
34 silly audit   semver: [ '6.3.1', '7.7.2' ],
34 silly audit   'eslint-plugin-jsx-a11y': [ '6.10.2' ],
34 silly audit   'eslint-plugin-react': [ '7.37.5' ],
34 silly audit   'eslint-plugin-react-hooks': [ '5.2.0' ],
34 silly audit   resolve: [ '2.0.0-next.5', '1.22.11' ],
34 silly audit   'eslint-scope': [ '8.4.0' ],
34 silly audit   chalk: [ '4.1.2' ],
34 silly audit   espree: [ '10.4.0' ],
34 silly audit   esquery: [ '1.6.0' ],
34 silly audit   esrecurse: [ '4.3.0' ],
34 silly audit   estraverse: [ '5.3.0' ],
34 silly audit   esutils: [ '2.0.3' ],
34 silly audit   'fast-deep-equal': [ '3.1.3' ],
34 silly audit   'fast-json-stable-stringify': [ '2.1.0' ],
34 silly audit   'fast-levenshtein': [ '2.0.6' ],
34 silly audit   fastq: [ '1.19.1' ],
34 silly audit   'file-entry-cache': [ '8.0.0' ],
34 silly audit   'fill-range': [ '7.1.1' ],
34 silly audit   'find-up': [ '5.0.0' ],
34 silly audit   'flat-cache': [ '4.0.1' ],
34 silly audit   flatted: [ '3.3.3' ],
34 silly audit   'for-each': [ '0.3.5' ],
34 silly audit   'function-bind': [ '1.1.2' ],
34 silly audit   'function.prototype.name': [ '1.1.8' ],
34 silly audit   'functions-have-names': [ '1.2.3' ],
34 silly audit   'generator-function': [ '2.0.1' ],
34 silly audit   'get-intrinsic': [ '1.3.0' ],
34 silly audit   'get-nonce': [ '1.0.1' ],
34 silly audit   'get-proto': [ '1.0.1' ],
34 silly audit   'get-symbol-description': [ '1.1.0' ],
34 silly audit   'get-tsconfig': [ '4.13.0' ],
34 silly audit   globals: [ '14.0.0' ],
34 silly audit   globalthis: [ '1.0.4' ],
34 silly audit   gopd: [ '1.2.0' ],
34 silly audit   'graceful-fs': [ '4.2.11' ],
34 silly audit   graphemer: [ '1.4.0' ],
34 silly audit   'has-bigints': [ '1.1.0' ],
34 silly audit   'has-flag': [ '4.0.0' ],
34 silly audit   'has-property-descriptors': [ '1.0.2' ],
34 silly audit   'has-proto': [ '1.2.0' ],
34 silly audit   'has-symbols': [ '1.1.0' ],
34 silly audit   'has-tostringtag': [ '1.0.2' ],
34 silly audit   hasown: [ '2.0.2' ],
34 silly audit   'import-fresh': [ '3.3.1' ],
34 silly audit   imurmurhash: [ '0.1.4' ],
34 silly audit   'internal-slot': [ '1.1.0' ],
34 silly audit   'is-array-buffer': [ '3.0.5' ],
34 silly audit   'is-async-function': [ '2.1.1' ],
34 silly audit   'is-bigint': [ '1.1.0' ],
34 silly audit   'is-boolean-object': [ '1.2.2' ],
34 silly audit   'is-bun-module': [ '2.0.0' ],
34 silly audit   'is-callable': [ '1.2.7' ],
34 silly audit   'is-core-module': [ '2.16.1' ],
34 silly audit   'is-data-view': [ '1.0.2' ],
34 silly audit   'is-date-object': [ '1.1.0' ],
34 silly audit   'is-extglob': [ '2.1.1' ],
34 silly audit   'is-finalizationregistry': [ '1.1.1' ],
34 silly audit   'is-generator-function': [ '1.1.2' ],
34 silly audit   'is-glob': [ '4.0.3' ],
34 silly audit   'is-map': [ '2.0.3' ],
34 silly audit   'is-negative-zero': [ '2.0.3' ],
34 silly audit   'is-number': [ '7.0.0' ],
34 silly audit   'is-number-object': [ '1.1.1' ],
34 silly audit   'is-regex': [ '1.2.1' ],
34 silly audit   'is-set': [ '2.0.3' ],
34 silly audit   'is-shared-array-buffer': [ '1.0.4' ],
34 silly audit   'is-string': [ '1.1.1' ],
34 silly audit   'is-symbol': [ '1.1.1' ],
34 silly audit   'is-typed-array': [ '1.1.15' ],
34 silly audit   'is-weakmap': [ '2.0.2' ],
34 silly audit   'is-weakref': [ '1.1.1' ],
34 silly audit   'is-weakset': [ '2.0.4' ],
34 silly audit   isarray: [ '2.0.5' ],
34 silly audit   isexe: [ '2.0.0' ],
34 silly audit   'iterator.prototype': [ '1.1.5' ],
34 silly audit   jiti: [ '2.6.1' ],
34 silly audit   'js-tokens': [ '4.0.0' ],
34 silly audit   'js-yaml': [ '4.1.0' ],
34 silly audit   'json-buffer': [ '3.0.1' ],
34 silly audit   'json-schema-traverse': [ '0.4.1' ],
34 silly audit   'json-stable-stringify-without-jsonify': [ '1.0.1' ],
34 silly audit   json5: [ '1.0.2' ],
34 silly audit   'jsx-ast-utils': [ '3.3.5' ],
34 silly audit   keyv: [ '4.5.4' ],
34 silly audit   'language-subtag-registry': [ '0.3.23' ],
34 silly audit   'language-tags': [ '1.0.9' ],
34 silly audit   levn: [ '0.4.1' ],
34 silly audit   lightningcss: [ '1.30.1' ],
34 silly audit   'lightningcss-darwin-arm64': [ '1.30.1' ],
34 silly audit   'lightningcss-darwin-x64': [ '1.30.1' ],
34 silly audit   'lightningcss-freebsd-x64': [ '1.30.1' ],
34 silly audit   'lightningcss-linux-arm-gnueabihf': [ '1.30.1' ],
34 silly audit   'lightningcss-linux-arm64-gnu': [ '1.30.1' ],
34 silly audit   'lightningcss-linux-arm64-musl': [ '1.30.1' ],
34 silly audit   'lightningcss-linux-x64-gnu': [ '1.30.1' ],
34 silly audit   'lightningcss-linux-x64-musl': [ '1.30.1' ],
34 silly audit   'lightningcss-win32-arm64-msvc': [ '1.30.1' ],
34 silly audit   'lightningcss-win32-x64-msvc': [ '1.30.1' ],
34 silly audit   'locate-path': [ '6.0.0' ],
34 silly audit   'lodash.merge': [ '4.6.2' ],
34 silly audit   'loose-envify': [ '1.4.0' ],
34 silly audit   'lucide-react': [ '0.545.0' ],
34 silly audit   'magic-string': [ '0.30.19' ],
34 silly audit   'math-intrinsics': [ '1.1.0' ],
34 silly audit   merge2: [ '1.4.1' ],
34 silly audit   micromatch: [ '4.0.8' ],
34 silly audit   minimist: [ '1.2.8' ],
34 silly audit   minipass: [ '7.1.2' ],
34 silly audit   minizlib: [ '3.1.0' ],
34 silly audit   ms: [ '2.1.3' ],
34 silly audit   nanoid: [ '3.3.11' ],
34 silly audit   'napi-postinstall': [ '0.3.4' ],
34 silly audit   'natural-compare': [ '1.4.0' ],
34 silly audit   next: [ '16.0.10' ],
34 silly audit   'next-themes': [ '0.4.6' ],
34 silly audit   postcss: [ '8.4.31', '8.5.6' ],
34 silly audit   'object-assign': [ '4.1.1' ],
34 silly audit   'object-inspect': [ '1.13.4' ],
34 silly audit   'object-keys': [ '1.1.1' ],
34 silly audit   'object.assign': [ '4.1.7' ],
34 silly audit   'object.entries': [ '1.1.9' ],
34 silly audit   'object.fromentries': [ '2.0.8' ],
34 silly audit   'object.groupby': [ '1.0.3' ],
34 silly audit   'object.values': [ '1.2.1' ],
34 silly audit   optionator: [ '0.9.4' ],
34 silly audit   'own-keys': [ '1.0.1' ],
34 silly audit   'p-limit': [ '3.1.0' ],
34 silly audit   'p-locate': [ '5.0.0' ],
34 silly audit   'parent-module': [ '1.0.1' ],
34 silly audit   'path-exists': [ '4.0.0' ],
34 silly audit   'path-key': [ '3.1.1' ],
34 silly audit   'path-parse': [ '1.0.7' ],
34 silly audit   picocolors: [ '1.1.1' ],
34 silly audit   picomatch: [ '2.3.1', '4.0.3' ],
34 silly audit   'possible-typed-array-names': [ '1.1.0' ],
34 silly audit   'postcss-selector-parser': [ '6.0.10' ],
34 silly audit   'prelude-ls': [ '1.2.1' ],
34 silly audit   'prop-types': [ '15.8.1' ],
34 silly audit   'react-is': [ '16.13.1' ],
34 silly audit   punycode: [ '2.3.1' ],
34 silly audit   'queue-microtask': [ '1.2.3' ],
34 silly audit   react: [ '19.1.0' ],
34 silly audit   'react-dom': [ '19.1.0' ],
34 silly audit   'react-remove-scroll': [ '2.7.1' ],
34 silly audit   'react-remove-scroll-bar': [ '2.3.8' ],
34 silly audit   'react-style-singleton': [ '2.2.3' ],
34 silly audit   'reflect.getprototypeof': [ '1.0.10' ],
34 silly audit   'regexp.prototype.flags': [ '1.5.4' ],
34 silly audit   'resolve-from': [ '4.0.0' ],
34 silly audit   'resolve-pkg-maps': [ '1.0.0' ],
34 silly audit   reusify: [ '1.1.0' ],
34 silly audit   'run-parallel': [ '1.2.0' ],
34 silly audit   'safe-array-concat': [ '1.1.3' ],
34 silly audit   'safe-push-apply': [ '1.0.0' ],
34 silly audit   'safe-regex-test': [ '1.1.0' ],
34 silly audit   scheduler: [ '0.26.0' ],
34 silly audit   'set-function-length': [ '1.2.2' ],
34 silly audit   'set-function-name': [ '2.0.2' ],
34 silly audit   'set-proto': [ '1.0.0' ],
34 silly audit   sharp: [ '0.34.4' ],
34 silly audit   'shebang-command': [ '2.0.0' ],
34 silly audit   'shebang-regex': [ '3.0.0' ],
34 silly audit   'side-channel': [ '1.1.0' ],
34 silly audit   'side-channel-list': [ '1.0.0' ],
34 silly audit   'side-channel-map': [ '1.0.1' ],
34 silly audit   'side-channel-weakmap': [ '1.0.2' ],
34 silly audit   sonner: [ '2.0.7' ],
34 silly audit   'source-map-js': [ '1.2.1' ],
34 silly audit   'stable-hash': [ '0.0.5' ],
34 silly audit   'stop-iteration-iterator': [ '1.1.0' ],
34 silly audit   'string.prototype.includes': [ '2.0.1' ],
34 silly audit   'string.prototype.matchall': [ '4.0.12' ],
34 silly audit   'string.prototype.repeat': [ '1.0.0' ],
34 silly audit   'string.prototype.trim': [ '1.2.10' ],
34 silly audit   'string.prototype.trimend': [ '1.0.9' ],
34 silly audit   'string.prototype.trimstart': [ '1.0.8' ],
34 silly audit   'strip-bom': [ '3.0.0' ],
34 silly audit   'strip-json-comments': [ '3.1.1' ],
34 silly audit   'styled-jsx': [ '5.1.6' ],
34 silly audit   'supports-color': [ '7.2.0' ],
34 silly audit   'supports-preserve-symlinks-flag': [ '1.0.0' ],
34 silly audit   'tailwind-merge': [ '3.3.1' ],
34 silly audit   tailwindcss: [ '4.1.14' ],
34 silly audit   'tailwindcss-animate': [ '1.0.7' ],
34 silly audit   tapable: [ '2.3.0' ],
34 silly audit   tar: [ '7.5.1' ],
34 silly audit   tinyglobby: [ '0.2.15' ],
34 silly audit   fdir: [ '6.5.0' ],
34 silly audit   'to-regex-range': [ '5.0.1' ],
34 silly audit   'ts-api-utils': [ '2.1.0' ],
34 silly audit   'tsconfig-paths': [ '3.15.0' ],
34 silly audit   tslib: [ '2.8.1' ],
34 silly audit   'type-check': [ '0.4.0' ],
34 silly audit   'typed-array-buffer': [ '1.0.3' ],
34 silly audit   'typed-array-byte-length': [ '1.0.3' ],
34 silly audit   'typed-array-byte-offset': [ '1.0.4' ],
34 silly audit   'typed-array-length': [ '1.0.7' ],
34 silly audit   typescript: [ '5.9.3' ],
34 silly audit   'unbox-primitive': [ '1.1.0' ],
34 silly audit   'undici-types': [ '6.21.0' ],
34 silly audit   'unrs-resolver': [ '1.11.1' ],
34 silly audit   'uri-js': [ '4.4.1' ],
34 silly audit   'use-callback-ref': [ '1.3.3' ],
34 silly audit   'use-sidecar': [ '1.1.3' ],
34 silly audit   'use-sync-external-store': [ '1.6.0' ],
34 silly audit   'util-deprecate': [ '1.0.2' ],
34 silly audit   which: [ '2.0.2' ],
34 silly audit   'which-boxed-primitive': [ '1.1.1' ],
34 silly audit   'which-builtin-type': [ '1.2.1' ],
34 silly audit   'which-collection': [ '1.0.2' ],
34 silly audit   'which-typed-array': [ '1.1.19' ],
34 silly audit   'word-wrap': [ '1.2.5' ],
34 silly audit   yallist: [ '5.0.0' ],
34 silly audit   'yocto-queue': [ '0.1.0' ],
34 silly audit   zod: [ '4.1.12' ]
34 silly audit }
35 http cache eslint@https://registry.npmjs.org/eslint/-/eslint-9.39.0.tgz 3ms (cache hit)
36 http cache next@https://registry.npmjs.org/next/-/next-16.0.10.tgz 0ms (cache hit)
37 http cache which@https://registry.npmjs.org/which/-/which-2.0.2.tgz 0ms (cache hit)
38 http cache typescript@https://registry.npmjs.org/typescript/-/typescript-5.9.3.tgz 0ms (cache hit)
39 http cache semver@https://registry.npmjs.org/semver/-/semver-7.7.2.tgz 0ms (cache hit)
40 http cache nanoid@https://registry.npmjs.org/nanoid/-/nanoid-3.3.11.tgz 0ms (cache hit)
41 http cache napi-postinstall@https://registry.npmjs.org/napi-postinstall/-/napi-postinstall-0.3.4.tgz 0ms (cache hit)
42 http cache resolve@https://registry.npmjs.org/resolve/-/resolve-1.22.11.tgz 0ms (cache hit)
43 http cache loose-envify@https://registry.npmjs.org/loose-envify/-/loose-envify-1.4.0.tgz 1ms (cache hit)
44 http cache json5@https://registry.npmjs.org/json5/-/json5-1.0.2.tgz 1ms (cache hit)
45 http cache cssesc@https://registry.npmjs.org/cssesc/-/cssesc-3.0.0.tgz 0ms (cache hit)
46 http cache js-yaml@https://registry.npmjs.org/js-yaml/-/js-yaml-4.1.0.tgz 0ms (cache hit)
47 http cache semver@https://registry.npmjs.org/semver/-/semver-6.3.1.tgz 0ms (cache hit)
48 http cache acorn@https://registry.npmjs.org/acorn/-/acorn-8.15.0.tgz 0ms (cache hit)
49 http cache jiti@https://registry.npmjs.org/jiti/-/jiti-2.6.1.tgz 0ms (cache hit)
50 http cache resolve@https://registry.npmjs.org/resolve/-/resolve-2.0.0-next.5.tgz 0ms (cache hit)
51 http cache semver@https://registry.npmjs.org/semver/-/semver-6.3.1.tgz 0ms (cache hit)
52 silly tarball no local data for eslint@https://registry.npmjs.org/eslint/-/eslint-9.39.0.tgz. Extracting by manifest.
53 silly tarball no local data for next@https://registry.npmjs.org/next/-/next-16.0.10.tgz. Extracting by manifest.
54 silly tarball no local data for which@https://registry.npmjs.org/which/-/which-2.0.2.tgz. Extracting by manifest.
55 silly tarball no local data for typescript@https://registry.npmjs.org/typescript/-/typescript-5.9.3.tgz. Extracting by manifest.
56 silly tarball no local data for semver@https://registry.npmjs.org/semver/-/semver-7.7.2.tgz. Extracting by manifest.
57 silly tarball no local data for nanoid@https://registry.npmjs.org/nanoid/-/nanoid-3.3.11.tgz. Extracting by manifest.
58 silly tarball no local data for napi-postinstall@https://registry.npmjs.org/napi-postinstall/-/napi-postinstall-0.3.4.tgz. Extracting by manifest.
59 silly tarball no local data for resolve@https://registry.npmjs.org/resolve/-/resolve-1.22.11.tgz. Extracting by manifest.
60 silly tarball no local data for loose-envify@https://registry.npmjs.org/loose-envify/-/loose-envify-1.4.0.tgz. Extracting by manifest.
61 silly tarball no local data for json5@https://registry.npmjs.org/json5/-/json5-1.0.2.tgz. Extracting by manifest.
62 silly tarball no local data for cssesc@https://registry.npmjs.org/cssesc/-/cssesc-3.0.0.tgz. Extracting by manifest.
63 silly tarball no local data for js-yaml@https://registry.npmjs.org/js-yaml/-/js-yaml-4.1.0.tgz. Extracting by manifest.
64 silly tarball no local data for semver@https://registry.npmjs.org/semver/-/semver-6.3.1.tgz. Extracting by manifest.
65 silly tarball no local data for acorn@https://registry.npmjs.org/acorn/-/acorn-8.15.0.tgz. Extracting by manifest.
66 silly tarball no local data for jiti@https://registry.npmjs.org/jiti/-/jiti-2.6.1.tgz. Extracting by manifest.
67 silly tarball no local data for resolve@https://registry.npmjs.org/resolve/-/resolve-2.0.0-next.5.tgz. Extracting by manifest.
68 silly tarball no local data for semver@https://registry.npmjs.org/semver/-/semver-6.3.1.tgz. Extracting by manifest.
69 verbose audit error FetchError: request to https://registry.npmjs.org/-/npm/v1/security/advisories/bulk failed, reason: 
69 verbose audit error     at ClientRequest.<anonymous> (C:\Users\samsung\AppData\Roaming\npm\node_modules\npm\node_modules\minipass-fetch\lib\index.js:130:14)
69 verbose audit error     at ClientRequest.emit (node:events:518:28)
69 verbose audit error     at emitErrorEvent (node:_http_client:104:11)
69 verbose audit error     at _destroy (node:_http_client:898:9)
69 verbose audit error     at onSocketNT (node:_http_client:918:5)
69 verbose audit error     at process.processTicksAndRejections (node:internal/process/task_queues:91:21) {
69 verbose audit error   code: 'EACCES',
69 verbose audit error   errno: 'EACCES',
69 verbose audit error   type: 'system'
69 verbose audit error }
70 silly audit error undefined
71 silly audit report null
72 http fetch GET https://registry.npmjs.org/eslint/-/eslint-9.39.0.tgz attempt 1 failed with EACCES
73 http fetch GET https://registry.npmjs.org/next/-/next-16.0.10.tgz attempt 1 failed with EACCES
74 http fetch GET https://registry.npmjs.org/which/-/which-2.0.2.tgz attempt 1 failed with EACCES
75 http fetch GET https://registry.npmjs.org/typescript/-/typescript-5.9.3.tgz attempt 1 failed with EACCES
76 http fetch GET https://registry.npmjs.org/semver/-/semver-7.7.2.tgz attempt 1 failed with EACCES
77 http fetch GET https://registry.npmjs.org/nanoid/-/nanoid-3.3.11.tgz attempt 1 failed with EACCES
78 http fetch GET https://registry.npmjs.org/napi-postinstall/-/napi-postinstall-0.3.4.tgz attempt 1 failed with EACCES
79 http fetch GET https://registry.npmjs.org/resolve/-/resolve-1.22.11.tgz attempt 1 failed with EACCES
80 http fetch GET https://registry.npmjs.org/loose-envify/-/loose-envify-1.4.0.tgz attempt 1 failed with EACCES
81 http fetch GET https://registry.npmjs.org/json5/-/json5-1.0.2.tgz attempt 1 failed with EACCES
82 http fetch GET https://registry.npmjs.org/cssesc/-/cssesc-3.0.0.tgz attempt 1 failed with EACCES
83 http fetch GET https://registry.npmjs.org/js-yaml/-/js-yaml-4.1.0.tgz attempt 1 failed with EACCES
84 http fetch GET https://registry.npmjs.org/semver/-/semver-6.3.1.tgz attempt 1 failed with EACCES
85 http fetch GET https://registry.npmjs.org/acorn/-/acorn-8.15.0.tgz attempt 1 failed with EACCES
86 http fetch GET https://registry.npmjs.org/jiti/-/jiti-2.6.1.tgz attempt 1 failed with EACCES
87 http fetch GET https://registry.npmjs.org/eslint/-/eslint-9.39.0.tgz attempt 2 failed with EACCES
88 http fetch GET https://registry.npmjs.org/next/-/next-16.0.10.tgz attempt 2 failed with EACCES
89 http fetch GET https://registry.npmjs.org/which/-/which-2.0.2.tgz attempt 2 failed with EACCES
90 http fetch GET https://registry.npmjs.org/typescript/-/typescript-5.9.3.tgz attempt 2 failed with EACCES
91 http fetch GET https://registry.npmjs.org/semver/-/semver-7.7.2.tgz attempt 2 failed with EACCES
92 http fetch GET https://registry.npmjs.org/nanoid/-/nanoid-3.3.11.tgz attempt 2 failed with EACCES
93 http fetch GET https://registry.npmjs.org/napi-postinstall/-/napi-postinstall-0.3.4.tgz attempt 2 failed with EACCES
94 http fetch GET https://registry.npmjs.org/resolve/-/resolve-1.22.11.tgz attempt 2 failed with EACCES
95 http fetch GET https://registry.npmjs.org/loose-envify/-/loose-envify-1.4.0.tgz attempt 2 failed with EACCES
96 http fetch GET https://registry.npmjs.org/json5/-/json5-1.0.2.tgz attempt 2 failed with EACCES
97 http fetch GET https://registry.npmjs.org/cssesc/-/cssesc-3.0.0.tgz attempt 2 failed with EACCES
98 http fetch GET https://registry.npmjs.org/js-yaml/-/js-yaml-4.1.0.tgz attempt 2 failed with EACCES
99 http fetch GET https://registry.npmjs.org/semver/-/semver-6.3.1.tgz attempt 2 failed with EACCES
100 http fetch GET https://registry.npmjs.org/acorn/-/acorn-8.15.0.tgz attempt 2 failed with EACCES
101 http fetch GET https://registry.npmjs.org/jiti/-/jiti-2.6.1.tgz attempt 2 failed with EACCES
102 http fetch GET https://registry.npmjs.org/npm attempt 3 failed with EACCES
103 http fetch GET https://registry.npmjs.org/eslint/-/eslint-9.39.0.tgz attempt 3 failed with EACCES
104 http fetch GET https://registry.npmjs.org/next/-/next-16.0.10.tgz attempt 3 failed with EACCES
105 http fetch GET https://registry.npmjs.org/which/-/which-2.0.2.tgz attempt 3 failed with EACCES
106 http fetch GET https://registry.npmjs.org/typescript/-/typescript-5.9.3.tgz attempt 3 failed with EACCES
107 http fetch GET https://registry.npmjs.org/semver/-/semver-7.7.2.tgz attempt 3 failed with EACCES
108 http fetch GET https://registry.npmjs.org/nanoid/-/nanoid-3.3.11.tgz attempt 3 failed with EACCES
109 http fetch GET https://registry.npmjs.org/napi-postinstall/-/napi-postinstall-0.3.4.tgz attempt 3 failed with EACCES
110 http fetch GET https://registry.npmjs.org/resolve/-/resolve-1.22.11.tgz attempt 3 failed with EACCES
111 http fetch GET https://registry.npmjs.org/loose-envify/-/loose-envify-1.4.0.tgz attempt 3 failed with EACCES
112 http fetch GET https://registry.npmjs.org/json5/-/json5-1.0.2.tgz attempt 3 failed with EACCES
113 http fetch GET https://registry.npmjs.org/cssesc/-/cssesc-3.0.0.tgz attempt 3 failed with EACCES
114 http fetch GET https://registry.npmjs.org/js-yaml/-/js-yaml-4.1.0.tgz attempt 3 failed with EACCES
115 http fetch GET https://registry.npmjs.org/semver/-/semver-6.3.1.tgz attempt 3 failed with EACCES
116 http fetch GET https://registry.npmjs.org/acorn/-/acorn-8.15.0.tgz attempt 3 failed with EACCES
117 http fetch GET https://registry.npmjs.org/jiti/-/jiti-2.6.1.tgz attempt 3 failed with EACCES
118 verbose cwd D:\Projects\univadev.com
119 verbose os Windows_NT 10.0.26200
120 verbose node v22.17.1
121 verbose npm  v11.8.0
122 error Exit handler never called!
123 error This is an error with npm itself. Please report this error at:
124 error   <https://github.com/npm/cli/issues>
125 verbose exit 1
126 verbose code 1
127 error A complete log of this run can be found in: D:\Projects\univadev.com\.npm-cache\_logs\2026-04-10T03_25_54_849Z-debug-0.log
